<?xml version="1.0" encoding="UTF-8"?>
<!-- Generated by org.testng.reporters.JUnitReportReporter -->
<testsuite hostname="LAPTOP-0BO0RH1S" failures="0" tests="3" name="com.TestCases.CheckoutTest" time="174.296" errors="0" timestamp="2024-07-23T22:22:47 IST" skipped="0">
  <testcase classname="com.TestCases.CheckoutTest" name="testCheckoutWithEmptyCart" time="53.523"/>
  <system-out/>
  <testcase classname="com.TestCases.CheckoutTest" name="testCheckoutInformationRequired" time="65.075"/>
  <system-out/>
  <testcase classname="com.TestCases.CheckoutTest" name="testCheckoutFlow" time="55.698"/>
  <system-out/>
</testsuite> <!-- com.TestCases.CheckoutTest -->
