<?xml version="1.0" encoding="UTF-8"?>
<!-- Generated by org.testng.reporters.JUnitReportReporter -->
<testsuite hostname="LAPTOP-0BO0RH1S" failures="0" tests="3" name="com.TestCases.ProductTest" time="171.198" errors="0" timestamp="2024-07-23T22:22:47 IST" skipped="0">
  <testcase classname="com.TestCases.ProductTest" name="testProductSorting" time="53.298"/>
  <system-out/>
  <testcase classname="com.TestCases.ProductTest" name="testProductListing" time="63.617"/>
  <system-out/>
  <testcase classname="com.TestCases.ProductTest" name="testProductDetails" time="54.283"/>
  <system-out/>
</testsuite> <!-- com.TestCases.ProductTest -->
