<?xml version="1.0" encoding="UTF-8"?>
<!-- Generated by org.testng.reporters.JUnitReportReporter -->
<testsuite hostname="LAPTOP-0BO0RH1S" failures="0" tests="3" name="com.TestCases.CartTest" time="143.896" errors="0" timestamp="2024-07-23T22:22:47 IST" skipped="0">
  <testcase classname="com.TestCases.CartTest" name="testAddToCart" time="54.187"/>
  <system-out/>
  <testcase classname="com.TestCases.CartTest" name="testCartBadgeCount" time="50.242"/>
  <system-out/>
  <testcase classname="com.TestCases.CartTest" name="testRemoveFromCart" time="39.467"/>
  <system-out/>
</testsuite> <!-- com.TestCases.CartTest -->
