<?xml version="1.0" encoding="UTF-8"?>
<!-- Generated by org.testng.reporters.JUnitReportReporter -->
<testsuite hostname="LAPTOP-0BO0RH1S" failures="0" tests="6" name="com.TestCases.SwagLoginTest" time="154.948" errors="0" timestamp="2024-07-23T22:22:47 IST" skipped="0">
  <testcase classname="com.TestCases.SwagLoginTest" name="testLockedOutUser" time="4.342"/>
  <system-out/>
  <testcase classname="com.TestCases.SwagLoginTest" name="testInvalidLogin" time="2.687"/>
  <system-out/>
  <testcase classname="com.TestCases.SwagLoginTest" name="testEmptyCredentials" time="2.444"/>
  <system-out/>
  <testcase classname="com.TestCases.SwagLoginTest" name="testLogout" time="51.819"/>
  <system-out/>
  <testcase classname="com.TestCases.SwagLoginTest" name="testHomepageNavigation" time="53.822"/>
  <system-out/>
  <testcase classname="com.TestCases.SwagLoginTest" name="testValidLogin" time="39.834"/>
  <system-out/>
</testsuite> <!-- com.TestCases.SwagLoginTest -->
