<?xml version="1.0" encoding="UTF-8"?>
<!-- Generated by org.testng.reporters.JUnitReportReporter -->
<testsuite hostname="LAPTOP-0BO0RH1S" failures="0" tests="2" name="com.TestCases.PerformanceSecurityTest" time="99.676" errors="0" timestamp="2024-07-23T22:22:47 IST" skipped="0">
  <testcase classname="com.TestCases.PerformanceSecurityTest" name="testSecureConnection" time="48.413"/>
  <system-out/>
  <testcase classname="com.TestCases.PerformanceSecurityTest" name="testPageLoadTime" time="51.263"/>
  <system-out/>
</testsuite> <!-- com.TestCases.PerformanceSecurityTest -->
